<?xml version="1.0" encoding="UTF-8"?>
<!-- Generated by org.testng.reporters.JUnitReportReporter -->
<testsuite hostname="Ankit" failures="0" tests="2" name="TestCases.LoginTestCase_01" time="38.190" errors="0" timestamp="2020-09-23T05:15:32 EDT" skipped="0">
  <testcase classname="TestCases.LoginTestCase_01" name="verify_loginpageTitle" time="21.672"/>
  <system-out/>
  <testcase classname="TestCases.LoginTestCase_01" name="verify_loginFunction" time="16.518"/>
  <system-out/>
</testsuite> <!-- TestCases.LoginTestCase_01 -->
