<?xml version="1.0" encoding="UTF-8"?>
<!-- Generated by org.testng.reporters.JUnitReportReporter -->
<testsuite skipped="0" hostname="Ankit" name="TestCases.LoginTestCase_01" tests="2" failures="0" timestamp="2020-09-26T05:13:33 EDT" time="22.730" errors="0">
  <testcase name="verify_loginpageTitle" time="11.808" classname="TestCases.LoginTestCase_01"/>
  <system-out/>
  <testcase name="verify_loginFunction" time="10.922" classname="TestCases.LoginTestCase_01"/>
  <system-out/>
</testsuite> <!-- TestCases.LoginTestCase_01 -->
