<?xml version="1.0" encoding="UTF-8"?>
<!-- Generated by org.testng.reporters.JUnitReportReporter -->
<testsuite hostname="Ankit" failures="0" tests="2" name="TestCases.LoginTestCase_01" time="38.747" errors="0" timestamp="2020-09-24T04:09:11 EDT" skipped="0">
  <testcase classname="TestCases.LoginTestCase_01" name="verify_loginpageTitle" time="10.598"/>
  <system-out/>
  <testcase classname="TestCases.LoginTestCase_01" name="verify_loginFunction" time="28.149"/>
  <system-out/>
</testsuite> <!-- TestCases.LoginTestCase_01 -->
